static[0x46f900-0x1000562c] heap[0x10006000-0x18006000] stack[0x18006000-0x187fe000] -> [0x979bc008-0xafd4a708]
Device : P(0)_DL1  Description : ProcessorInterface_0
Device : P(0)_IL1  Description : InstSource
Device : P(1)_DL1  Description : ProcessorInterface_1
Device : P(1)_IL1  Description : InstSource
Loading checkpoint...
Pid: 0
Pid: 1
Reading memory...
Checkpoint loaded
Start rabbit mode forever...
Rabbit Mode Start 
checkpointing...
Leaving rabbit mode...
Processor 0 has triggered a release
Releasing processor 0 from barrier
Releasing processor 1 from barrier
0 
1 
2 
3 
4 
5 
6 
7 
8 
9 
10 
11 
12 
13 
14 
15 
16 
17 
18 
19 
20 
21 
22 
23 
24 
25 
26 
27 
28 
29 
30 
31 
32 
33 
34 
35 
36 
37 
38 
39 
40 
41 
42 
43 
44 
45 
46 
47 
48 
49 
50 
51 
52 
53 
54 
55 
56 
