==== Building WinSesc ====
WinSesc.make:577: atención: se imponen comandos para el objetivo `obj/linux/AddressSpace.o'
WinSesc.make:520: atención: se ignoran las instrucciones viejas para el objetivo `obj/linux/AddressSpace.o'
WinSesc.make:916: atención: se imponen comandos para el objetivo `obj/linux/MESIProtocol.o'
WinSesc.make:529: atención: se ignoran las instrucciones viejas para el objetivo `obj/linux/MESIProtocol.o'
MemorySystem.cpp
In file included from MemSys/MemorySystem.h:2,
                 from MemSys/MemorySystem.cpp:1:
MemSys/Factory.h: In destructor ‘Factory<Key, Type>::~Factory()’:
MemSys/Factory.h:32: error: expected ‘;’ before ‘it’
MemSys/Factory.h:32: error: ‘it’ was not declared in this scope
In file included from MemSys/Devices/MOESICache.h:3,
                 from MemSys/Devices/AllDeviceTypes.h:3,
                 from MemSys/MemorySystem.cpp:2:
MemSys/Devices/../StoredFunctionCall.h: At global scope:
MemSys/Devices/../StoredFunctionCall.h:32: error: expected nested-name-specifier before ‘void’
MemSys/Devices/../StoredFunctionCall.h:32: error: two or more data types in declaration of ‘Func’
MemSys/Devices/../StoredFunctionCall.h: In member function ‘virtual void StoredClassFunction0<Host, <declaration error> >::Execute()’:
MemSys/Devices/../StoredFunctionCall.h:39: error: ‘Func’ was not declared in this scope
MemSys/Devices/../StoredFunctionCall.h: At global scope:
MemSys/Devices/../StoredFunctionCall.h:47: error: expected nested-name-specifier before ‘void’
MemSys/Devices/../StoredFunctionCall.h:47: error: two or more data types in declaration of ‘Func’
MemSys/Devices/../StoredFunctionCall.h: In member function ‘virtual void StoredClassFunction1<Host, Arg1, <declaration error> >::Execute()’:
MemSys/Devices/../StoredFunctionCall.h:55: error: ‘Func’ was not declared in this scope
MemSys/Devices/../StoredFunctionCall.h: At global scope:
MemSys/Devices/../StoredFunctionCall.h:64: error: expected nested-name-specifier before ‘void’
MemSys/Devices/../StoredFunctionCall.h:64: error: two or more data types in declaration of ‘Func’
MemSys/Devices/../StoredFunctionCall.h: In member function ‘virtual void StoredClassFunction2<Host, Arg1, Arg2, <declaration error> >::Execute()’:
MemSys/Devices/../StoredFunctionCall.h:73: error: ‘Func’ was not declared in this scope
MemSys/Devices/../StoredFunctionCall.h: At global scope:
MemSys/Devices/../StoredFunctionCall.h:83: error: expected nested-name-specifier before ‘void’
MemSys/Devices/../StoredFunctionCall.h:83: error: two or more data types in declaration of ‘Func’
MemSys/Devices/../StoredFunctionCall.h: In member function ‘virtual void StoredClassFunction3<Host, Arg1, Arg2, Arg3, <declaration error> >::Execute()’:
MemSys/Devices/../StoredFunctionCall.h:93: error: ‘Func’ was not declared in this scope
In file included from MemSys/Devices/AllDeviceTypes.h:3,
                 from MemSys/MemorySystem.cpp:2:
MemSys/Devices/MOESICache.h: At global scope:
MemSys/Devices/MOESICache.h:93: error: template argument 4 is invalid
MemSys/Devices/MOESICache.h:93: error: template argument 1 is invalid
MemSys/Devices/MOESICache.h:93: warning: ‘typedef’ was ignored in this declaration
MemSys/Devices/MOESICache.h:94: error: ‘CBRetryMsg’ does not name a type
MemSys/Devices/MOESICache.h:97: error: template argument 5 is invalid
MemSys/Devices/MOESICache.h:97: error: template argument 1 is invalid
MemSys/Devices/MOESICache.h:97: warning: ‘typedef’ was ignored in this declaration
In file included from MemSys/Devices/AllDeviceTypes.h:3,
                 from MemSys/MemorySystem.cpp:2:
MemSys/Devices/MOESICache.h:98: error: ‘CBPrepareFreshBlock’ does not name a type
MemSys/Devices/MOESICache.h:101: error: template argument 3 is invalid
MemSys/Devices/MOESICache.h:101: error: template argument 1 is invalid
MemSys/Devices/MOESICache.h:101: warning: ‘typedef’ was ignored in this declaration
MemSys/Devices/MOESICache.h:102: error: ‘CBEvictBlock’ does not name a type
MemSys/Devices/MOESICache.h:105: error: template argument 3 is invalid
MemSys/Devices/MOESICache.h:105: error: template argument 1 is invalid
MemSys/Devices/MOESICache.h:105: warning: ‘typedef’ was ignored in this declaration
MemSys/Devices/MOESICache.h:106: error: ‘CBPerformRead’ does not name a type
MemSys/Devices/MOESICache.h:109: error: template argument 3 is invalid
MemSys/Devices/MOESICache.h:109: error: template argument 1 is invalid
MemSys/Devices/MOESICache.h:109: warning: ‘typedef’ was ignored in this declaration
MemSys/Devices/MOESICache.h:110: error: ‘CBPerformRemoteRead’ does not name a type
MemSys/Devices/MOESICache.h:113: error: template argument 3 is invalid
MemSys/Devices/MOESICache.h:113: error: template argument 1 is invalid
MemSys/Devices/MOESICache.h:113: warning: ‘typedef’ was ignored in this declaration
MemSys/Devices/MOESICache.h:114: error: ‘CBPerformWrite’ does not name a type
In file included from MemSys/Devices/AllDeviceTypes.h:5,
                 from MemSys/MemorySystem.cpp:2:
MemSys/Devices/SnoopyBus.h:66: error: ‘>>’ should be ‘> >’ within a nested template argument list
MemSys/Devices/SnoopyBus.h:78: error: template argument 2 is invalid
MemSys/Devices/SnoopyBus.h:78: error: template argument 1 is invalid
MemSys/Devices/SnoopyBus.h:78: warning: ‘typedef’ was ignored in this declaration
MemSys/Devices/SnoopyBus.h:79: error: ‘CBAttemptTransfer’ does not name a type
In file included from MemSys/MemorySystem.cpp:3:
MemSys/EventManager.h:23: error: ‘containerPool’ was not declared in this scope
MemSys/EventManager.h:23: error: ‘>>’ should be ‘> >’ within a nested template argument list
MemSys/EventManager.h:31: error: template argument 5 is invalid
MemSys/EventManager.h:31: error: template argument 1 is invalid
MemSys/EventManager.h:31: warning: ‘typedef’ was ignored in this declaration
In file included from MemSys/MemorySystem.cpp:3:
MemSys/EventManager.h:32: error: ‘CBDeliverMsg’ does not name a type
MemSys/MemorySystem.cpp: In member function ‘void Memory::MemorySystem::Initialize(const Memory::ConfigNode&)’:
MemSys/MemorySystem.cpp:113: error: ‘tempConSet’ was not declared in this scope
MemSys/MemorySystem.cpp:113: error: ‘>>’ should be ‘> >’ within a nested template argument list
In file included from MemSys/MemorySystem.h:2,
                 from MemSys/MemorySystem.cpp:1:
MemSys/Factory.h: In destructor ‘Factory<Key, Type>::~Factory() [with Key = std::basic_string<char, std::char_traits<char>, std::allocator<char> >, Type = Memory::BaseMemDevice]’:
MemSys/MemorySystem.cpp:34:   instantiated from here
MemSys/Factory.h:30: error: cannot convert ‘__gnu_cxx::_Hashtable_iterator<std::pair<const std::basic_string<char, std::char_traits<char>, std::allocator<char> >, Factory<std::basic_string<char, std::char_traits<char>, std::allocator<char> >, Memory::BaseMemDevice>::FactoryNode*>, std::basic_string<char, std::char_traits<char>, std::allocator<char> >, HashTraitsInteropReplacement<std::basic_string<char, std::char_traits<char>, std::allocator<char> >, HashInteropReplacement<std::basic_string<char, std::char_traits<char>, std::allocator<char> > >, std::less<std::basic_string<char, std::char_traits<char>, std::allocator<char> > > >, std::_Select1st<std::pair<const std::basic_string<char, std::char_traits<char>, std::allocator<char> >, Factory<std::basic_string<char, std::char_traits<char>, std::allocator<char> >, Memory::BaseMemDevice>::FactoryNode*> >, std::equal_to<std::basic_string<char, std::char_traits<char>, std::allocator<char> > >, std::allocator<Factory<std::basic_string<char, std::char_traits<char>, std::allocator<char> >, Memory::BaseMemDevice>::FactoryNode*> >’ to ‘int’ in assignment
MemSys/Factory.h:32: error: dependent-name ‘HashMap::iterator’ is parsed as a non-type, but instantiation yields a type
MemSys/Factory.h:32: note: say ‘typename HashMap::iterator’ if a type is meant
In file included from MemSys/Devices/../StoredFunctionCall.h:2,
                 from MemSys/Devices/MOESICache.h:3,
                 from MemSys/Devices/AllDeviceTypes.h:3,
                 from MemSys/MemorySystem.cpp:2:
MemSys/Devices/../Pool.h: In destructor ‘Pool<Type>::~Pool() [with Type = Memory::ReadMsg]’:
MemSys/EventManager.h:21:   instantiated from here
MemSys/Devices/../Pool.h:26: warning: possible problem detected in invocation of delete operator:
MemSys/Devices/../Pool.h:26: warning: invalid use of incomplete type ‘struct Memory::ReadMsg’
MemSys/Devices/MOESICache.h:8: warning: forward declaration of ‘struct Memory::ReadMsg’
MemSys/Devices/../Pool.h:26: note: neither the destructor nor the class-specific operator delete will be called, even if they are declared when the class is defined.
MemSys/Devices/../Pool.h: In destructor ‘Pool<Type>::~Pool() [with Type = Memory::WriteMsg]’:
MemSys/EventManager.h:21:   instantiated from here
MemSys/Devices/../Pool.h:26: warning: possible problem detected in invocation of delete operator:
MemSys/Devices/../Pool.h:26: warning: invalid use of incomplete type ‘struct Memory::WriteMsg’
MemSys/Devices/MOESICache.h:9: warning: forward declaration of ‘struct Memory::WriteMsg’
MemSys/Devices/../Pool.h:26: note: neither the destructor nor the class-specific operator delete will be called, even if they are declared when the class is defined.
MemSys/Devices/../Pool.h: In destructor ‘Pool<Type>::~Pool() [with Type = Memory::InvalidateMsg]’:
MemSys/EventManager.h:21:   instantiated from here
MemSys/Devices/../Pool.h:26: warning: possible problem detected in invocation of delete operator:
MemSys/Devices/../Pool.h:26: warning: invalid use of incomplete type ‘struct Memory::InvalidateMsg’
MemSys/Devices/MOESICache.h:10: warning: forward declaration of ‘struct Memory::InvalidateMsg’
MemSys/Devices/../Pool.h:26: note: neither the destructor nor the class-specific operator delete will be called, even if they are declared when the class is defined.
MemSys/Devices/../Pool.h: In destructor ‘Pool<Type>::~Pool() [with Type = Memory::EvictionMsg]’:
MemSys/EventManager.h:21:   instantiated from here
MemSys/Devices/../Pool.h:26: warning: possible problem detected in invocation of delete operator:
MemSys/Devices/../Pool.h:26: warning: invalid use of incomplete type ‘struct Memory::EvictionMsg’
MemSys/Devices/MOESICache.h:11: warning: forward declaration of ‘struct Memory::EvictionMsg’
MemSys/Devices/../Pool.h:26: note: neither the destructor nor the class-specific operator delete will be called, even if they are declared when the class is defined.
MemSys/Devices/../Pool.h: In destructor ‘Pool<Type>::~Pool() [with Type = Memory::ReadResponseMsg]’:
MemSys/EventManager.h:21:   instantiated from here
MemSys/Devices/../Pool.h:26: warning: possible problem detected in invocation of delete operator:
MemSys/Devices/../Pool.h:26: warning: invalid use of incomplete type ‘struct Memory::ReadResponseMsg’
MemSys/Devices/MOESICache.h:12: warning: forward declaration of ‘struct Memory::ReadResponseMsg’
MemSys/Devices/../Pool.h:26: note: neither the destructor nor the class-specific operator delete will be called, even if they are declared when the class is defined.
MemSys/Devices/../Pool.h: In destructor ‘Pool<Type>::~Pool() [with Type = Memory::WriteResponseMsg]’:
MemSys/EventManager.h:21:   instantiated from here
MemSys/Devices/../Pool.h:26: warning: possible problem detected in invocation of delete operator:
MemSys/Devices/../Pool.h:26: warning: invalid use of incomplete type ‘struct Memory::WriteResponseMsg’
MemSys/Devices/MOESICache.h:13: warning: forward declaration of ‘struct Memory::WriteResponseMsg’
MemSys/Devices/../Pool.h:26: note: neither the destructor nor the class-specific operator delete will be called, even if they are declared when the class is defined.
MemSys/Devices/../Pool.h: In destructor ‘Pool<Type>::~Pool() [with Type = Memory::InvalidateResponseMsg]’:
MemSys/EventManager.h:21:   instantiated from here
MemSys/Devices/../Pool.h:26: warning: possible problem detected in invocation of delete operator:
MemSys/Devices/../Pool.h:26: warning: invalid use of incomplete type ‘struct Memory::InvalidateResponseMsg’
MemSys/Devices/MOESICache.h:14: warning: forward declaration of ‘struct Memory::InvalidateResponseMsg’
MemSys/Devices/../Pool.h:26: note: neither the destructor nor the class-specific operator delete will be called, even if they are declared when the class is defined.
MemSys/Devices/../Pool.h: In destructor ‘Pool<Type>::~Pool() [with Type = Memory::EvictionResponseMsg]’:
MemSys/EventManager.h:21:   instantiated from here
MemSys/Devices/../Pool.h:26: warning: possible problem detected in invocation of delete operator:
MemSys/Devices/../Pool.h:26: warning: invalid use of incomplete type ‘struct Memory::EvictionResponseMsg’
MemSys/Devices/MOESICache.h:15: warning: forward declaration of ‘struct Memory::EvictionResponseMsg’
MemSys/Devices/../Pool.h:26: note: neither the destructor nor the class-specific operator delete will be called, even if they are declared when the class is defined.
make[1]: *** [obj/linux/MemorySystem.o] Error 1
make: *** [WinSesc] Error 2
